<?xml version="1.0" encoding="UTF-8"?>
<testsuite name="test.WeightConverterTest" tests="2" skipped="0" failures="0" errors="0" timestamp="2019-04-29T11:08:33" hostname="PUNEIS0100798" time="0.001">
  <properties/>
  <testcase name="convertedWeightFromKgToLbsTest" classname="test.WeightConverterTest" time="0.001"/>
  <testcase name="convertedWeightFromLbsToKgsTest" classname="test.WeightConverterTest" time="0.0"/>
  <system-out><![CDATA[]]></system-out>
  <system-err><![CDATA[]]></system-err>
</testsuite>
